C:\Users\LENOVO\StarkEngine\venv\Lib\site-packages\flask_limiter\extension.py:293: UserWarning: Using the in-memory storage for tracking rate limits as no storage was explicitly specified. This is not recommended for production use. See: https://flask-limiter.readthedocs.io#configuring-a-storage-backend for documentation about configuring the storage backend.
  warnings.warn(
WARNING: This is a development server. Do not use it in a production deployment. Use a production WSGI server instead.
 * Running on http://127.0.0.1:5000
Press CTRL+C to quit
 * Restarting with stat
C:\Users\LENOVO\StarkEngine\venv\Lib\site-packages\flask_limiter\extension.py:293: UserWarning: Using the in-memory storage for tracking rate limits as no storage was explicitly specified. This is not recommended for production use. See: https://flask-limiter.readthedocs.io#configuring-a-storage-backend for documentation about configuring the storage backend.
  warnings.warn(
 * Debugger is active!
 * Debugger PIN: 219-578-583
 * Detected change in 'C:\\Users\\LENOVO\\StarkEngine\\backend\\app\\api\\v1\\routes.py', reloading
 * Restarting with stat
C:\Users\LENOVO\StarkEngine\venv\Lib\site-packages\flask_limiter\extension.py:293: UserWarning: Using the in-memory storage for tracking rate limits as no storage was explicitly specified. This is not recommended for production use. See: https://flask-limiter.readthedocs.io#configuring-a-storage-backend for documentation about configuring the storage backend.
  warnings.warn(
 * Debugger is active!
 * Debugger PIN: 219-578-583
 * Detected change in 'C:\\Users\\LENOVO\\StarkEngine\\backend\\app\\api\\v1\\routes.py', reloading
 * Restarting with stat
C:\Users\LENOVO\StarkEngine\venv\Lib\site-packages\flask_limiter\extension.py:293: UserWarning: Using the in-memory storage for tracking rate limits as no storage was explicitly specified. This is not recommended for production use. See: https://flask-limiter.readthedocs.io#configuring-a-storage-backend for documentation about configuring the storage backend.
  warnings.warn(
 * Debugger is active!
 * Debugger PIN: 219-578-583
